<?xml version="1.0" encoding="UTF-8"?>
<!-- Generated by org.testng.reporters.JUnitReportReporter -->
<testsuite hostname="ASHIQ-PC" failures="0" tests="1" name="com.amazon.testScenarios.checkout.Checkout_Place_an_order_by_searching_a_product" time="111.714" errors="0" timestamp="2020-04-22T20:38:22 IST" skipped="0">
  <testcase classname="com.amazon.testScenarios.checkout.Checkout_Place_an_order_by_searching_a_product" name="testMethod" time="111.714"/>
  <system-out/>
</testsuite> <!-- com.amazon.testScenarios.checkout.Checkout_Place_an_order_by_searching_a_product -->
